<?xml version="1.0" encoding="UTF-8"?>
<!-- Generated by org.testng.reporters.JUnitReportReporter -->
<testsuite hostname="LAPTOP-PEBMGRD4" failures="0" tests="1" name="com.numpy.Runner.TestRunner" time="1.077" errors="1" timestamp="2023-03-16T18:33:20 EDT" skipped="0">
  <testcase classname="com.numpy.Runner.TestRunner" name="setUpClass" time="1.077">
    <error message="&#039;com.google.common.collect.ImmutableMap com.google.common.collect.ImmutableMap.of(java.lang.Object, java.lang.Object, java.lang.Object, java.lang.Object, java.lang.Object, java.lang.Object, java.lang.Object, java.lang.Object, java.lang.Object, java.lang.Object, java.lang.Object, java.lang.Object)&#039;" type="java.lang.NoSuchMethodError">
      <![CDATA[java.lang.NoSuchMethodError: 'com.google.common.collect.ImmutableMap com.google.common.collect.ImmutableMap.of(java.lang.Object, java.lang.Object, java.lang.Object, java.lang.Object, java.lang.Object, java.lang.Object, java.lang.Object, java.lang.Object, java.lang.Object, java.lang.Object, java.lang.Object, java.lang.Object)'
at org.openqa.selenium.chrome.AddHasCasting.getAdditionalCommands(AddHasCasting.java:38)
at org.openqa.selenium.chrome.ChromeDriver$ChromeDriverCommandExecutor.getExtraCommands(ChromeDriver.java:99)
at org.openqa.selenium.chrome.ChromeDriver$ChromeDriverCommandExecutor.<init>(ChromeDriver.java:94)
at org.openqa.selenium.chrome.ChromeDriver.<init>(ChromeDriver.java:82)
at org.openqa.selenium.chrome.ChromeDriver.<init>(ChromeDriver.java:71)
at com.numpy.utils.DriverManager.getDriver(DriverManager.java:19)
at com.numpy.StepDefinitions.SD02_Home.setup(SD02_Home.java:26)
Suppressed: java.lang.NoSuchMethodError: 'com.google.common.collect.ImmutableMap com.google.common.collect.ImmutableMap.of(java.lang.Object, java.lang.Object, java.lang.Object, java.lang.Object, java.lang.Object, java.lang.Object, java.lang.Object, java.lang.Object, java.lang.Object, java.lang.Object, java.lang.Object, java.lang.Object)'
at org.openqa.selenium.chrome.AddHasCasting.getAdditionalCommands(AddHasCasting.java:38)
at org.openqa.selenium.chrome.ChromeDriver$ChromeDriverCommandExecutor.getExtraCommands(ChromeDriver.java:99)
at org.openqa.selenium.chrome.ChromeDriver$ChromeDriverCommandExecutor.<init>(ChromeDriver.java:94)
at org.openqa.selenium.chrome.ChromeDriver.<init>(ChromeDriver.java:82)
at org.openqa.selenium.chrome.ChromeDriver.<init>(ChromeDriver.java:71)
at com.numpy.utils.DriverManager.getDriver(DriverManager.java:19)
at com.numpy.StepDefinitions.SD03_Register.setup(SD03_Register.java:21)
Suppressed: java.lang.NoSuchMethodError: 'com.google.common.collect.ImmutableMap com.google.common.collect.ImmutableMap.of(java.lang.Object, java.lang.Object, java.lang.Object, java.lang.Object, java.lang.Object, java.lang.Object, java.lang.Object, java.lang.Object, java.lang.Object, java.lang.Object, java.lang.Object, java.lang.Object)'
at org.openqa.selenium.chrome.AddHasCasting.getAdditionalCommands(AddHasCasting.java:38)
at org.openqa.selenium.chrome.ChromeDriver$ChromeDriverCommandExecutor.getExtraCommands(ChromeDriver.java:99)
at org.openqa.selenium.chrome.ChromeDriver$ChromeDriverCommandExecutor.<init>(ChromeDriver.java:94)
at org.openqa.selenium.chrome.ChromeDriver.<init>(ChromeDriver.java:82)
at org.openqa.selenium.chrome.ChromeDriver.<init>(ChromeDriver.java:71)
at com.numpy.utils.DriverManager.getDriver(DriverManager.java:19)
at com.numpy.StepDefinitions.SD04_SigninAndSignout.setup(SD04_SigninAndSignout.java:26)
Suppressed: java.lang.NoSuchMethodError: 'com.google.common.collect.ImmutableMap com.google.common.collect.ImmutableMap.of(java.lang.Object, java.lang.Object, java.lang.Object, java.lang.Object, java.lang.Object, java.lang.Object, java.lang.Object, java.lang.Object, java.lang.Object, java.lang.Object, java.lang.Object, java.lang.Object)'
at org.openqa.selenium.chrome.AddHasCasting.getAdditionalCommands(AddHasCasting.java:38)
at org.openqa.selenium.chrome.ChromeDriver$ChromeDriverCommandExecutor.getExtraCommands(ChromeDriver.java:99)
at org.openqa.selenium.chrome.ChromeDriver$ChromeDriverCommandExecutor.<init>(ChromeDriver.java:94)
at org.openqa.selenium.chrome.ChromeDriver.<init>(ChromeDriver.java:82)
at org.openqa.selenium.chrome.ChromeDriver.<init>(ChromeDriver.java:71)
at com.numpy.utils.DriverManager.getDriver(DriverManager.java:19)
at com.numpy.StepDefinitions.SD05_DataStructures_Intro.setup(SD05_DataStructures_Intro.java:29)
Suppressed: java.lang.NoSuchMethodError: 'com.google.common.collect.ImmutableMap com.google.common.collect.ImmutableMap.of(java.lang.Object, java.lang.Object, java.lang.Object, java.lang.Object, java.lang.Object, java.lang.Object, java.lang.Object, java.lang.Object, java.lang.Object, java.lang.Object, java.lang.Object, java.lang.Object)'
at org.openqa.selenium.chrome.AddHasCasting.getAdditionalCommands(AddHasCasting.java:38)
at org.openqa.selenium.chrome.ChromeDriver$ChromeDriverCommandExecutor.getExtraCommands(ChromeDriver.java:99)
at org.openqa.selenium.chrome.ChromeDriver$ChromeDriverCommandExecutor.<init>(ChromeDriver.java:94)
at org.openqa.selenium.chrome.ChromeDriver.<init>(ChromeDriver.java:82)
at org.openqa.selenium.chrome.ChromeDriver.<init>(ChromeDriver.java:71)
at com.numpy.utils.DriverManager.getDriver(DriverManager.java:19)
at com.numpy.StepDefinitions.SD06_Graph.setup(SD06_Graph.java:29)
Suppressed: java.lang.NoSuchMethodError: 'com.google.common.collect.ImmutableMap com.google.common.collect.ImmutableMap.of(java.lang.Object, java.lang.Object, java.lang.Object, java.lang.Object, java.lang.Object, java.lang.Object, java.lang.Object, java.lang.Object, java.lang.Object, java.lang.Object, java.lang.Object, java.lang.Object)'
at org.openqa.selenium.chrome.AddHasCasting.getAdditionalCommands(AddHasCasting.java:38)
at org.openqa.selenium.chrome.ChromeDriver$ChromeDriverCommandExecutor.getExtraCommands(ChromeDriver.java:99)
at org.openqa.selenium.chrome.ChromeDriver$ChromeDriverCommandExecutor.<init>(ChromeDriver.java:94)
at org.openqa.selenium.chrome.ChromeDriver.<init>(ChromeDriver.java:82)
at org.openqa.selenium.chrome.ChromeDriver.<init>(ChromeDriver.java:71)
at com.numpy.utils.DriverManager.getDriver(DriverManager.java:19)
at com.numpy.StepDefinitions.SD06_Tree.setup(SD06_Tree.java:27)
]]>
    </error>
  </testcase> <!-- setUpClass -->
  <system-out/>
</testsuite> <!-- com.numpy.Runner.TestRunner -->
