<?xml version="1.0" encoding="UTF-8"?>
<!-- Generated by org.testng.reporters.JUnitReportReporter -->
<testsuite hostname="LAPTOP-PEBMGRD4" failures="0" tests="16" name="com.numpy.TestCases.TC_HomePage_001" time="5.894" errors="0" timestamp="2023-03-17T09:59:01 EDT" skipped="0">
  <testcase classname="com.numpy.TestCases.TC_HomePage_001" name="homePageTest" time="0.089"/>
  <system-out/>
  <testcase classname="com.numpy.TestCases.TC_HomePage_001" name="checkGraph" time="0.621"/>
  <system-out/>
  <testcase classname="com.numpy.TestCases.TC_HomePage_001" name="checkQueue" time="0.400"/>
  <system-out/>
  <testcase classname="com.numpy.TestCases.TC_HomePage_001" name="checkLinkedList" time="0.303"/>
  <system-out/>
  <testcase classname="com.numpy.TestCases.TC_HomePage_001" name="checkLinkedList" time="0.608"/>
  <system-out/>
  <testcase classname="com.numpy.TestCases.TC_HomePage_001" name="checkTree" time="0.310"/>
  <system-out/>
  <testcase classname="com.numpy.TestCases.TC_HomePage_001" name="checkTree" time="0.415"/>
  <system-out/>
  <testcase classname="com.numpy.TestCases.TC_HomePage_001" name="checkStack" time="0.404"/>
  <system-out/>
  <testcase classname="com.numpy.TestCases.TC_HomePage_001" name="checkStack" time="0.288"/>
  <system-out/>
  <testcase classname="com.numpy.TestCases.TC_HomePage_001" name="checkDataStructures" time="0.322"/>
  <system-out/>
  <testcase classname="com.numpy.TestCases.TC_HomePage_001" name="homePageTest" time="0.170"/>
  <system-out/>
  <testcase classname="com.numpy.TestCases.TC_HomePage_001" name="checkGraph" time="0.326"/>
  <system-out/>
  <testcase classname="com.numpy.TestCases.TC_HomePage_001" name="checkQueue" time="0.303"/>
  <system-out/>
  <testcase classname="com.numpy.TestCases.TC_HomePage_001" name="checkArray" time="0.402"/>
  <system-out/>
  <testcase classname="com.numpy.TestCases.TC_HomePage_001" name="checkArray" time="0.335"/>
  <system-out/>
  <testcase classname="com.numpy.TestCases.TC_HomePage_001" name="checkDataStructures" time="0.598"/>
  <system-out/>
</testsuite> <!-- com.numpy.TestCases.TC_HomePage_001 -->
