<?xml version="1.0" encoding="UTF-8"?>
<!-- Generated by org.testng.reporters.JUnitReportReporter -->
<testsuite hostname="LAPTOP-PEBMGRD4" failures="0" tests="12" name="com.numpy.TestCases.TC_Array_007" time="7.830" errors="0" timestamp="2023-02-28T22:24:25 EST" skipped="0">
  <testcase classname="com.numpy.TestCases.TC_Array_007" name="clickTryHereRunBasicOperationsInLists" time="0.722"/>
  <system-out/>
  <testcase classname="com.numpy.TestCases.TC_Array_007" name="clickTryHereRunArraysInPython" time="0.733"/>
  <system-out/>
  <testcase classname="com.numpy.TestCases.TC_Array_007" name="clickTryHereArraysInPython" time="0.814"/>
  <system-out/>
  <testcase classname="com.numpy.TestCases.TC_Array_007" name="checkArraysUsingList" time="0.444"/>
  <system-out/>
  <testcase classname="com.numpy.TestCases.TC_Array_007" name="clickTryHereRunApplicationsofArray" time="0.891"/>
  <system-out/>
  <testcase classname="com.numpy.TestCases.TC_Array_007" name="clickTryHereArraysUsingList" time="0.555"/>
  <system-out/>
  <testcase classname="com.numpy.TestCases.TC_Array_007" name="clickTryHereRunArraysUsingList" time="0.741"/>
  <system-out/>
  <testcase classname="com.numpy.TestCases.TC_Array_007" name="checkApplicationsofArray" time="0.421"/>
  <system-out/>
  <testcase classname="com.numpy.TestCases.TC_Array_007" name="clickTryHereBasicOperationsInLists" time="0.510"/>
  <system-out/>
  <testcase classname="com.numpy.TestCases.TC_Array_007" name="checkArraysInPython" time="0.485"/>
  <system-out/>
  <testcase classname="com.numpy.TestCases.TC_Array_007" name="clickTryHereApplicationsofArray" time="0.996"/>
  <system-out/>
  <testcase classname="com.numpy.TestCases.TC_Array_007" name="checkBasicOperationsInLists" time="0.518"/>
  <system-out/>
</testsuite> <!-- com.numpy.TestCases.TC_Array_007 -->
