<?xml version="1.0" encoding="UTF-8"?>
<!-- Generated by org.testng.reporters.JUnitReportReporter -->
<testsuite hostname="LAPTOP-PEBMGRD4" failures="0" tests="3" name="com.numpy.TestCases.TC_DataStructures_006" time="2.562" errors="0" timestamp="2023-02-28T22:24:25 EST" skipped="0">
  <testcase classname="com.numpy.TestCases.TC_DataStructures_006" name="clickTryHereRun" time="0.954"/>
  <system-out/>
  <testcase classname="com.numpy.TestCases.TC_DataStructures_006" name="checkTimeComplexity" time="0.485"/>
  <system-out/>
  <testcase classname="com.numpy.TestCases.TC_DataStructures_006" name="clickTryHere" time="1.123"/>
  <system-out/>
</testsuite> <!-- com.numpy.TestCases.TC_DataStructures_006 -->
