<?xml version="1.0" encoding="UTF-8"?>
<!-- Generated by org.testng.reporters.JUnitReportReporter -->
<testsuite hostname="LAPTOP-PEBMGRD4" failures="0" tests="7" name="com.numpy.TestCases.TC_HomePage_LoginCheck_005" time="1.790" errors="0" timestamp="2023-02-28T22:24:25 EST" skipped="0">
  <testcase classname="com.numpy.TestCases.TC_HomePage_LoginCheck_005" name="checkGraph" time="0.267"/>
  <system-out/>
  <testcase classname="com.numpy.TestCases.TC_HomePage_LoginCheck_005" name="checkArray" time="0.234"/>
  <system-out/>
  <testcase classname="com.numpy.TestCases.TC_HomePage_LoginCheck_005" name="checkStack" time="0.253"/>
  <system-out/>
  <testcase classname="com.numpy.TestCases.TC_HomePage_LoginCheck_005" name="checkDataStructures" time="0.267"/>
  <system-out/>
  <testcase classname="com.numpy.TestCases.TC_HomePage_LoginCheck_005" name="checkTree" time="0.255"/>
  <system-out/>
  <testcase classname="com.numpy.TestCases.TC_HomePage_LoginCheck_005" name="checkLinkedList" time="0.253"/>
  <system-out/>
  <testcase classname="com.numpy.TestCases.TC_HomePage_LoginCheck_005" name="checkQueue" time="0.261"/>
  <system-out/>
</testsuite> <!-- com.numpy.TestCases.TC_HomePage_LoginCheck_005 -->
