<?xml version="1.0" encoding="UTF-8"?>
<!-- Generated by org.testng.reporters.JUnitReportReporter -->
<testsuite hostname="LAPTOP-PEBMGRD4" failures="0" tests="2" name="com.numpy.TestCases.TC_LogoutTest_004" time="1.274" errors="0" timestamp="2023-03-17T09:59:01 EDT" skipped="0">
  <testcase classname="com.numpy.TestCases.TC_LogoutTest_004" name="loginFailureTest" time="0.623"/>
  <system-out/>
  <testcase classname="com.numpy.TestCases.TC_LogoutTest_004" name="loginFailureTest" time="0.651"/>
  <system-out/>
</testsuite> <!-- com.numpy.TestCases.TC_LogoutTest_004 -->
