<?xml version="1.0" encoding="UTF-8"?>
<!-- Generated by org.testng.reporters.JUnitReportReporter -->
<testsuite hostname="LAPTOP-PEBMGRD4" failures="0" tests="12" name="com.numpy.TestCases.TC_Queue_011" time="11.709" errors="0" timestamp="2023-03-13T18:51:10 EDT" skipped="0">
  <testcase classname="com.numpy.TestCases.TC_Queue_011" name="checkImplementationUsingArray" time="0.871"/>
  <system-out/>
  <testcase classname="com.numpy.TestCases.TC_Queue_011" name="clickTryHereQueueOperations" time="0.676"/>
  <system-out/>
  <testcase classname="com.numpy.TestCases.TC_Queue_011" name="clickTryHereRuncheckImplementationUsingArray" time="1.661"/>
  <system-out/>
  <testcase classname="com.numpy.TestCases.TC_Queue_011" name="clickTryHerecheckImplementationUsingArray" time="1.274"/>
  <system-out/>
  <testcase classname="com.numpy.TestCases.TC_Queue_011" name="checkImplementationofQueueinPython" time="0.591"/>
  <system-out/>
  <testcase classname="com.numpy.TestCases.TC_Queue_011" name="clickTryHereImplementationofQueueinPython" time="0.637"/>
  <system-out/>
  <testcase classname="com.numpy.TestCases.TC_Queue_011" name="clickTryHereRunQueueOperations" time="1.731"/>
  <system-out/>
  <testcase classname="com.numpy.TestCases.TC_Queue_011" name="clickTryHereRunImplementationofQueueinPython" time="1.287"/>
  <system-out/>
  <testcase classname="com.numpy.TestCases.TC_Queue_011" name="checkImplementationUsingCollectionsDeque" time="0.824"/>
  <system-out/>
  <testcase classname="com.numpy.TestCases.TC_Queue_011" name="checkQueueOperations" time="0.457"/>
  <system-out/>
  <testcase classname="com.numpy.TestCases.TC_Queue_011" name="clickTryHereRunImplementationUsingCollectionsDeque" time="0.985"/>
  <system-out/>
  <testcase classname="com.numpy.TestCases.TC_Queue_011" name="clickTryHereImplementationUsingCollectionsDeque" time="0.715"/>
  <system-out/>
</testsuite> <!-- com.numpy.TestCases.TC_Queue_011 -->
