<?xml version="1.0" encoding="UTF-8"?>
<!-- Generated by org.testng.reporters.JUnitReportReporter -->
<testsuite hostname="LAPTOP-PEBMGRD4" failures="0" tests="21" name="com.numpy.TestCases.TC_LinkedList_008" time="16.641" errors="0" timestamp="2023-02-28T22:24:25 EST" skipped="0">
  <testcase classname="com.numpy.TestCases.TC_LinkedList_008" name="checkTraversal" time="0.435"/>
  <system-out/>
  <testcase classname="com.numpy.TestCases.TC_LinkedList_008" name="checkImplementLinkedListinPython" time="0.402"/>
  <system-out/>
  <testcase classname="com.numpy.TestCases.TC_LinkedList_008" name="clickTryHereRunInsertion" time="0.954"/>
  <system-out/>
  <testcase classname="com.numpy.TestCases.TC_LinkedList_008" name="clickTryHereTraversal" time="0.571"/>
  <system-out/>
  <testcase classname="com.numpy.TestCases.TC_LinkedList_008" name="clickTryHereCreatingLinkedLIst" time="0.624"/>
  <system-out/>
  <testcase classname="com.numpy.TestCases.TC_LinkedList_008" name="clickTryHereRunCreatingLinkedLIst" time="0.927"/>
  <system-out/>
  <testcase classname="com.numpy.TestCases.TC_LinkedList_008" name="clickTryHereRunTraversal" time="4.028"/>
  <system-out/>
  <testcase classname="com.numpy.TestCases.TC_LinkedList_008" name="clickTryHereIntroduction" time="0.561"/>
  <system-out/>
  <testcase classname="com.numpy.TestCases.TC_LinkedList_008" name="checkDeletion" time="0.404"/>
  <system-out/>
  <testcase classname="com.numpy.TestCases.TC_LinkedList_008" name="clickTryHereImplementLinkedListinPython" time="0.531"/>
  <system-out/>
  <testcase classname="com.numpy.TestCases.TC_LinkedList_008" name="clickTryHereRunIntroduction" time="0.912"/>
  <system-out/>
  <testcase classname="com.numpy.TestCases.TC_LinkedList_008" name="clickTryHereDeletion" time="0.600"/>
  <system-out/>
  <testcase classname="com.numpy.TestCases.TC_LinkedList_008" name="checkInsertion" time="0.453"/>
  <system-out/>
  <testcase classname="com.numpy.TestCases.TC_LinkedList_008" name="checkTypesofLinkedList" time="0.454"/>
  <system-out/>
  <testcase classname="com.numpy.TestCases.TC_LinkedList_008" name="clickTryHereRunTypesofLinkedList" time="0.959"/>
  <system-out/>
  <testcase classname="com.numpy.TestCases.TC_LinkedList_008" name="clickTryHereInsertion" time="0.583"/>
  <system-out/>
  <testcase classname="com.numpy.TestCases.TC_LinkedList_008" name="clickTryHereTypesofLinkedList" time="0.558"/>
  <system-out/>
  <testcase classname="com.numpy.TestCases.TC_LinkedList_008" name="clickTryHereRunImplementLinkedListinPython" time="0.891"/>
  <system-out/>
  <testcase classname="com.numpy.TestCases.TC_LinkedList_008" name="checkIntroduction" time="0.433"/>
  <system-out/>
  <testcase classname="com.numpy.TestCases.TC_LinkedList_008" name="checkCreatingLinkedLIst" time="0.486"/>
  <system-out/>
  <testcase classname="com.numpy.TestCases.TC_LinkedList_008" name="clickTryHereRunDeletion" time="0.875"/>
  <system-out/>
</testsuite> <!-- com.numpy.TestCases.TC_LinkedList_008 -->
