<?xml version="1.0" encoding="UTF-8"?>
<!-- Generated by org.testng.reporters.JUnitReportReporter -->
<testsuite hostname="LAPTOP-PEBMGRD4" failures="0" tests="42" name="com.numpy.TestCases.TC_LinkedList_009" time="54.740" errors="0" timestamp="2023-03-17T09:59:01 EDT" skipped="0">
  <testcase classname="com.numpy.TestCases.TC_LinkedList_009" name="checkInsertion" time="0.623"/>
  <system-out/>
  <testcase classname="com.numpy.TestCases.TC_LinkedList_009" name="clickTryHereRunDeletion" time="1.640"/>
  <system-out/>
  <testcase classname="com.numpy.TestCases.TC_LinkedList_009" name="checkIntroduction" time="0.772"/>
  <system-out/>
  <testcase classname="com.numpy.TestCases.TC_LinkedList_009" name="clickTryHereTraversal" time="1.310"/>
  <system-out/>
  <testcase classname="com.numpy.TestCases.TC_LinkedList_009" name="checkTraversal" time="0.688"/>
  <system-out/>
  <testcase classname="com.numpy.TestCases.TC_LinkedList_009" name="clickTryHereImplementLinkedListinPython" time="1.437"/>
  <system-out/>
  <testcase classname="com.numpy.TestCases.TC_LinkedList_009" name="clickTryHereRunTraversal" time="1.677"/>
  <system-out/>
  <testcase classname="com.numpy.TestCases.TC_LinkedList_009" name="clickTryHereRunTypesofLinkedList" time="2.047"/>
  <system-out/>
  <testcase classname="com.numpy.TestCases.TC_LinkedList_009" name="clickTryHereRunIntroduction" time="1.626"/>
  <system-out/>
  <testcase classname="com.numpy.TestCases.TC_LinkedList_009" name="checkInsertion" time="1.125"/>
  <system-out/>
  <testcase classname="com.numpy.TestCases.TC_LinkedList_009" name="clickTryHereRunImplementLinkedListinPython" time="1.625"/>
  <system-out/>
  <testcase classname="com.numpy.TestCases.TC_LinkedList_009" name="checkDeletion" time="0.802"/>
  <system-out/>
  <testcase classname="com.numpy.TestCases.TC_LinkedList_009" name="clickTryHereRunImplementLinkedListinPython" time="1.610"/>
  <system-out/>
  <testcase classname="com.numpy.TestCases.TC_LinkedList_009" name="clickTryHereImplementLinkedListinPython" time="1.202"/>
  <system-out/>
  <testcase classname="com.numpy.TestCases.TC_LinkedList_009" name="clickTryHereTraversal" time="2.022"/>
  <system-out/>
  <testcase classname="com.numpy.TestCases.TC_LinkedList_009" name="checkDeletion" time="0.533"/>
  <system-out/>
  <testcase classname="com.numpy.TestCases.TC_LinkedList_009" name="clickTryHereRunTypesofLinkedList" time="1.811"/>
  <system-out/>
  <testcase classname="com.numpy.TestCases.TC_LinkedList_009" name="clickTryHereTypesofLinkedList" time="1.531"/>
  <system-out/>
  <testcase classname="com.numpy.TestCases.TC_LinkedList_009" name="checkCreatingLinkedLIst" time="0.597"/>
  <system-out/>
  <testcase classname="com.numpy.TestCases.TC_LinkedList_009" name="clickTryHereRunDeletion" time="2.214"/>
  <system-out/>
  <testcase classname="com.numpy.TestCases.TC_LinkedList_009" name="clickTryHereDeletion" time="1.390"/>
  <system-out/>
  <testcase classname="com.numpy.TestCases.TC_LinkedList_009" name="clickTryHereRunInsertion" time="1.667"/>
  <system-out/>
  <testcase classname="com.numpy.TestCases.TC_LinkedList_009" name="checkTypesofLinkedList" time="0.821"/>
  <system-out/>
  <testcase classname="com.numpy.TestCases.TC_LinkedList_009" name="clickTryHereIntroduction" time="1.400"/>
  <system-out/>
  <testcase classname="com.numpy.TestCases.TC_LinkedList_009" name="clickTryHereTypesofLinkedList" time="0.791"/>
  <system-out/>
  <testcase classname="com.numpy.TestCases.TC_LinkedList_009" name="clickTryHereInsertion" time="1.295"/>
  <system-out/>
  <testcase classname="com.numpy.TestCases.TC_LinkedList_009" name="checkTraversal" time="0.797"/>
  <system-out/>
  <testcase classname="com.numpy.TestCases.TC_LinkedList_009" name="clickTryHereIntroduction" time="1.238"/>
  <system-out/>
  <testcase classname="com.numpy.TestCases.TC_LinkedList_009" name="checkCreatingLinkedLIst" time="1.311"/>
  <system-out/>
  <testcase classname="com.numpy.TestCases.TC_LinkedList_009" name="clickTryHereInsertion" time="1.034"/>
  <system-out/>
  <testcase classname="com.numpy.TestCases.TC_LinkedList_009" name="checkTypesofLinkedList" time="1.071"/>
  <system-out/>
  <testcase classname="com.numpy.TestCases.TC_LinkedList_009" name="clickTryHereRunIntroduction" time="1.811"/>
  <system-out/>
  <testcase classname="com.numpy.TestCases.TC_LinkedList_009" name="clickTryHereCreatingLinkedLIst" time="1.240"/>
  <system-out/>
  <testcase classname="com.numpy.TestCases.TC_LinkedList_009" name="clickTryHereRunInsertion" time="1.626"/>
  <system-out/>
  <testcase classname="com.numpy.TestCases.TC_LinkedList_009" name="clickTryHereRunTraversal" time="1.841"/>
  <system-out/>
  <testcase classname="com.numpy.TestCases.TC_LinkedList_009" name="clickTryHereRunCreatingLinkedLIst" time="1.452"/>
  <system-out/>
  <testcase classname="com.numpy.TestCases.TC_LinkedList_009" name="checkIntroduction" time="0.757"/>
  <system-out/>
  <testcase classname="com.numpy.TestCases.TC_LinkedList_009" name="clickTryHereCreatingLinkedLIst" time="1.118"/>
  <system-out/>
  <testcase classname="com.numpy.TestCases.TC_LinkedList_009" name="checkImplementLinkedListinPython" time="0.866"/>
  <system-out/>
  <testcase classname="com.numpy.TestCases.TC_LinkedList_009" name="clickTryHereDeletion" time="1.958"/>
  <system-out/>
  <testcase classname="com.numpy.TestCases.TC_LinkedList_009" name="checkImplementLinkedListinPython" time="0.557"/>
  <system-out/>
  <testcase classname="com.numpy.TestCases.TC_LinkedList_009" name="clickTryHereRunCreatingLinkedLIst" time="1.807"/>
  <system-out/>
</testsuite> <!-- com.numpy.TestCases.TC_LinkedList_009 -->
