<?xml version="1.0" encoding="UTF-8"?>
<!-- Generated by org.testng.reporters.JUnitReportReporter -->
<testsuite hostname="LAPTOP-PEBMGRD4" failures="0" tests="18" name="com.numpy.TestCases.TC_Stack_010" time="14.252" errors="0" timestamp="2023-03-17T09:59:01 EDT" skipped="0">
  <testcase classname="com.numpy.TestCases.TC_Stack_010" name="clickTryHereRunImplementation" time="1.221"/>
  <system-out/>
  <testcase classname="com.numpy.TestCases.TC_Stack_010" name="clickTryHereImplementation" time="0.645"/>
  <system-out/>
  <testcase classname="com.numpy.TestCases.TC_Stack_010" name="clickTryHereApplications" time="1.054"/>
  <system-out/>
  <testcase classname="com.numpy.TestCases.TC_Stack_010" name="clickTryHereRunApplications" time="1.184"/>
  <system-out/>
  <testcase classname="com.numpy.TestCases.TC_Stack_010" name="clickTryHereRunOperationsinStack" time="0.724"/>
  <system-out/>
  <testcase classname="com.numpy.TestCases.TC_Stack_010" name="checkApplications" time="0.661"/>
  <system-out/>
  <testcase classname="com.numpy.TestCases.TC_Stack_010" name="clickTryHereApplications" time="0.756"/>
  <system-out/>
  <testcase classname="com.numpy.TestCases.TC_Stack_010" name="clickTryHereRunOperationsinStack" time="1.031"/>
  <system-out/>
  <testcase classname="com.numpy.TestCases.TC_Stack_010" name="checkApplications" time="0.598"/>
  <system-out/>
  <testcase classname="com.numpy.TestCases.TC_Stack_010" name="clickTryHereOperationsinStack" time="0.565"/>
  <system-out/>
  <testcase classname="com.numpy.TestCases.TC_Stack_010" name="checkImplementation" time="0.569"/>
  <system-out/>
  <testcase classname="com.numpy.TestCases.TC_Stack_010" name="clickTryHereOperationsinStack" time="1.021"/>
  <system-out/>
  <testcase classname="com.numpy.TestCases.TC_Stack_010" name="clickTryHereRunImplementation" time="0.755"/>
  <system-out/>
  <testcase classname="com.numpy.TestCases.TC_Stack_010" name="clickTryHereImplementation" time="1.012"/>
  <system-out/>
  <testcase classname="com.numpy.TestCases.TC_Stack_010" name="checkImplementation" time="0.567"/>
  <system-out/>
  <testcase classname="com.numpy.TestCases.TC_Stack_010" name="checkOperationsinStack" time="0.627"/>
  <system-out/>
  <testcase classname="com.numpy.TestCases.TC_Stack_010" name="checkOperationsinStack" time="0.541"/>
  <system-out/>
  <testcase classname="com.numpy.TestCases.TC_Stack_010" name="clickTryHereRunApplications" time="0.721"/>
  <system-out/>
</testsuite> <!-- com.numpy.TestCases.TC_Stack_010 -->
