<?xml version="1.0" encoding="UTF-8"?>
<!-- Generated by org.testng.reporters.JUnitReportReporter -->
<testsuite hostname="LAPTOP-PEBMGRD4" failures="0" tests="12" name="com.numpy.TestCases.TC_Queue_010" time="7.634" errors="0" timestamp="2023-02-28T22:24:25 EST" skipped="0">
  <testcase classname="com.numpy.TestCases.TC_Queue_010" name="clickTryHereRunQueueOperations" time="0.931"/>
  <system-out/>
  <testcase classname="com.numpy.TestCases.TC_Queue_010" name="checkImplementationUsingArray" time="0.471"/>
  <system-out/>
  <testcase classname="com.numpy.TestCases.TC_Queue_010" name="clickTryHereImplementationofQueueinPython" time="0.561"/>
  <system-out/>
  <testcase classname="com.numpy.TestCases.TC_Queue_010" name="clickTryHerecheckImplementationUsingArray" time="0.571"/>
  <system-out/>
  <testcase classname="com.numpy.TestCases.TC_Queue_010" name="clickTryHereQueueOperations" time="0.562"/>
  <system-out/>
  <testcase classname="com.numpy.TestCases.TC_Queue_010" name="clickTryHereImplementationUsingCollectionsDeque" time="0.612"/>
  <system-out/>
  <testcase classname="com.numpy.TestCases.TC_Queue_010" name="checkQueueOperations" time="0.417"/>
  <system-out/>
  <testcase classname="com.numpy.TestCases.TC_Queue_010" name="checkImplementationofQueueinPython" time="0.415"/>
  <system-out/>
  <testcase classname="com.numpy.TestCases.TC_Queue_010" name="clickTryHereRunImplementationUsingCollectionsDeque" time="0.910"/>
  <system-out/>
  <testcase classname="com.numpy.TestCases.TC_Queue_010" name="clickTryHereRuncheckImplementationUsingArray" time="0.902"/>
  <system-out/>
  <testcase classname="com.numpy.TestCases.TC_Queue_010" name="checkImplementationUsingCollectionsDeque" time="0.411"/>
  <system-out/>
  <testcase classname="com.numpy.TestCases.TC_Queue_010" name="clickTryHereRunImplementationofQueueinPython" time="0.871"/>
  <system-out/>
</testsuite> <!-- com.numpy.TestCases.TC_Queue_010 -->
