<?xml version="1.0" encoding="UTF-8"?>
<!-- Generated by org.testng.reporters.JUnitReportReporter -->
<testsuite hostname="LAPTOP-PEBMGRD4" failures="0" tests="24" name="com.numpy.TestCases.TC_Array_008" time="22.894" errors="0" timestamp="2023-03-17T09:59:01 EDT" skipped="0">
  <testcase classname="com.numpy.TestCases.TC_Array_008" name="checkApplicationsofArray" time="0.568"/>
  <system-out/>
  <testcase classname="com.numpy.TestCases.TC_Array_008" name="clickTryHereArraysUsingList" time="0.887"/>
  <system-out/>
  <testcase classname="com.numpy.TestCases.TC_Array_008" name="clickTryHereRunBasicOperationsInLists" time="1.631"/>
  <system-out/>
  <testcase classname="com.numpy.TestCases.TC_Array_008" name="clickTryHereRunBasicOperationsInLists" time="0.979"/>
  <system-out/>
  <testcase classname="com.numpy.TestCases.TC_Array_008" name="clickTryHereBasicOperationsInLists" time="0.692"/>
  <system-out/>
  <testcase classname="com.numpy.TestCases.TC_Array_008" name="clickTryHereRunArraysUsingList" time="0.932"/>
  <system-out/>
  <testcase classname="com.numpy.TestCases.TC_Array_008" name="clickTryHereArraysInPython" time="0.773"/>
  <system-out/>
  <testcase classname="com.numpy.TestCases.TC_Array_008" name="checkArraysUsingList" time="0.680"/>
  <system-out/>
  <testcase classname="com.numpy.TestCases.TC_Array_008" name="clickTryHereArraysInPython" time="0.879"/>
  <system-out/>
  <testcase classname="com.numpy.TestCases.TC_Array_008" name="clickTryHereApplicationsofArray" time="1.371"/>
  <system-out/>
  <testcase classname="com.numpy.TestCases.TC_Array_008" name="clickTryHereRunApplicationsofArray" time="1.416"/>
  <system-out/>
  <testcase classname="com.numpy.TestCases.TC_Array_008" name="clickTryHereApplicationsofArray" time="0.750"/>
  <system-out/>
  <testcase classname="com.numpy.TestCases.TC_Array_008" name="clickTryHereRunArraysInPython" time="1.499"/>
  <system-out/>
  <testcase classname="com.numpy.TestCases.TC_Array_008" name="checkBasicOperationsInLists" time="0.618"/>
  <system-out/>
  <testcase classname="com.numpy.TestCases.TC_Array_008" name="clickTryHereRunArraysInPython" time="1.215"/>
  <system-out/>
  <testcase classname="com.numpy.TestCases.TC_Array_008" name="clickTryHereRunApplicationsofArray" time="1.597"/>
  <system-out/>
  <testcase classname="com.numpy.TestCases.TC_Array_008" name="checkArraysInPython" time="0.532"/>
  <system-out/>
  <testcase classname="com.numpy.TestCases.TC_Array_008" name="checkApplicationsofArray" time="0.510"/>
  <system-out/>
  <testcase classname="com.numpy.TestCases.TC_Array_008" name="checkBasicOperationsInLists" time="0.545"/>
  <system-out/>
  <testcase classname="com.numpy.TestCases.TC_Array_008" name="checkArraysInPython" time="0.867"/>
  <system-out/>
  <testcase classname="com.numpy.TestCases.TC_Array_008" name="clickTryHereBasicOperationsInLists" time="1.587"/>
  <system-out/>
  <testcase classname="com.numpy.TestCases.TC_Array_008" name="clickTryHereArraysUsingList" time="0.634"/>
  <system-out/>
  <testcase classname="com.numpy.TestCases.TC_Array_008" name="checkArraysUsingList" time="0.509"/>
  <system-out/>
  <testcase classname="com.numpy.TestCases.TC_Array_008" name="clickTryHereRunArraysUsingList" time="1.223"/>
  <system-out/>
</testsuite> <!-- com.numpy.TestCases.TC_Array_008 -->
