<?xml version="1.0" encoding="UTF-8"?>
<!-- Generated by org.testng.reporters.JUnitReportReporter -->
<testsuite hostname="LAPTOP-PEBMGRD4" failures="0" tests="9" name="com.numpy.TestCases.TC_Stack_009" time="5.550" errors="0" timestamp="2023-02-28T22:24:25 EST" skipped="0">
  <testcase classname="com.numpy.TestCases.TC_Stack_009" name="clickTryHereImplementation" time="0.555"/>
  <system-out/>
  <testcase classname="com.numpy.TestCases.TC_Stack_009" name="clickTryHereRunImplementation" time="0.923"/>
  <system-out/>
  <testcase classname="com.numpy.TestCases.TC_Stack_009" name="clickTryHereRunOperationsinStack" time="0.733"/>
  <system-out/>
  <testcase classname="com.numpy.TestCases.TC_Stack_009" name="checkImplementation" time="0.407"/>
  <system-out/>
  <testcase classname="com.numpy.TestCases.TC_Stack_009" name="clickTryHereOperationsinStack" time="0.568"/>
  <system-out/>
  <testcase classname="com.numpy.TestCases.TC_Stack_009" name="checkApplications" time="0.409"/>
  <system-out/>
  <testcase classname="com.numpy.TestCases.TC_Stack_009" name="clickTryHereRunApplications" time="0.949"/>
  <system-out/>
  <testcase classname="com.numpy.TestCases.TC_Stack_009" name="clickTryHereApplications" time="0.571"/>
  <system-out/>
  <testcase classname="com.numpy.TestCases.TC_Stack_009" name="checkOperationsinStack" time="0.435"/>
  <system-out/>
</testsuite> <!-- com.numpy.TestCases.TC_Stack_009 -->
