<?xml version="1.0" encoding="UTF-8"?>
<!-- Generated by org.testng.reporters.JUnitReportReporter -->
<testsuite hostname="LAPTOP-PEBMGRD4" failures="0" tests="7" name="com.numpy.TestCases.TC_HomePage_LoginCheck_006" time="3.206" errors="0" timestamp="2023-03-13T18:51:10 EDT" skipped="0">
  <testcase classname="com.numpy.TestCases.TC_HomePage_LoginCheck_006" name="checkGraph" time="0.415"/>
  <system-out/>
  <testcase classname="com.numpy.TestCases.TC_HomePage_LoginCheck_006" name="checkTree" time="0.595"/>
  <system-out/>
  <testcase classname="com.numpy.TestCases.TC_HomePage_LoginCheck_006" name="checkDataStructures" time="0.403"/>
  <system-out/>
  <testcase classname="com.numpy.TestCases.TC_HomePage_LoginCheck_006" name="checkStack" time="0.417"/>
  <system-out/>
  <testcase classname="com.numpy.TestCases.TC_HomePage_LoginCheck_006" name="checkQueue" time="0.398"/>
  <system-out/>
  <testcase classname="com.numpy.TestCases.TC_HomePage_LoginCheck_006" name="checkArray" time="0.593"/>
  <system-out/>
  <testcase classname="com.numpy.TestCases.TC_HomePage_LoginCheck_006" name="checkLinkedList" time="0.385"/>
  <system-out/>
</testsuite> <!-- com.numpy.TestCases.TC_HomePage_LoginCheck_006 -->
