<?xml version="1.0" encoding="UTF-8"?>
<!-- Generated by org.testng.reporters.JUnitReportReporter -->
<testsuite hostname="LAPTOP-PEBMGRD4" failures="0" tests="9" name="com.numpy.TestCases.TC_Stack_010" time="9.383" errors="0" timestamp="2023-03-13T18:51:10 EDT" skipped="0">
  <testcase classname="com.numpy.TestCases.TC_Stack_010" name="checkApplications" time="0.834"/>
  <system-out/>
  <testcase classname="com.numpy.TestCases.TC_Stack_010" name="clickTryHereRunOperationsinStack" time="1.339"/>
  <system-out/>
  <testcase classname="com.numpy.TestCases.TC_Stack_010" name="clickTryHereApplications" time="0.961"/>
  <system-out/>
  <testcase classname="com.numpy.TestCases.TC_Stack_010" name="clickTryHereRunApplications" time="1.108"/>
  <system-out/>
  <testcase classname="com.numpy.TestCases.TC_Stack_010" name="clickTryHereRunImplementation" time="1.154"/>
  <system-out/>
  <testcase classname="com.numpy.TestCases.TC_Stack_010" name="checkOperationsinStack" time="1.094"/>
  <system-out/>
  <testcase classname="com.numpy.TestCases.TC_Stack_010" name="clickTryHereOperationsinStack" time="1.054"/>
  <system-out/>
  <testcase classname="com.numpy.TestCases.TC_Stack_010" name="clickTryHereImplementation" time="1.156"/>
  <system-out/>
  <testcase classname="com.numpy.TestCases.TC_Stack_010" name="checkImplementation" time="0.683"/>
  <system-out/>
</testsuite> <!-- com.numpy.TestCases.TC_Stack_010 -->
