<?xml version="1.0" encoding="UTF-8"?>
<!-- Generated by org.testng.reporters.JUnitReportReporter -->
<testsuite hostname="LAPTOP-PEBMGRD4" failures="0" tests="8" name="com.numpy.TestCases.TC_HomePage_000" time="4.456" errors="0" timestamp="2023-02-28T22:24:25 EST" skipped="0">
  <testcase classname="com.numpy.TestCases.TC_HomePage_000" name="checkStack" time="0.270"/>
  <system-out/>
  <testcase classname="com.numpy.TestCases.TC_HomePage_000" name="checkArray" time="0.547"/>
  <system-out/>
  <testcase classname="com.numpy.TestCases.TC_HomePage_000" name="checkGraph" time="0.257"/>
  <system-out/>
  <testcase classname="com.numpy.TestCases.TC_HomePage_000" name="checkQueue" time="0.297"/>
  <system-out/>
  <testcase classname="com.numpy.TestCases.TC_HomePage_000" name="checkLinkedList" time="0.292"/>
  <system-out/>
  <testcase classname="com.numpy.TestCases.TC_HomePage_000" name="checkDataStructures" time="0.286"/>
  <system-out/>
  <testcase classname="com.numpy.TestCases.TC_HomePage_000" name="checkTree" time="0.285"/>
  <system-out/>
  <testcase classname="com.numpy.TestCases.TC_HomePage_000" name="homePageTest" time="2.222"/>
  <system-out/>
</testsuite> <!-- com.numpy.TestCases.TC_HomePage_000 -->
