<?xml version="1.0" encoding="UTF-8"?>
<!-- Generated by org.testng.reporters.JUnitReportReporter -->
<testsuite hostname="LAPTOP-PEBMGRD4" failures="0" tests="1" name="com.numpy.TestCases.TC_LoginErrorTest_003" time="3.166" errors="0" timestamp="2023-03-13T18:51:10 EDT" skipped="0">
  <testcase classname="com.numpy.TestCases.TC_LoginErrorTest_003" name="loginFailureTest" time="3.166"/>
  <system-out/>
</testsuite> <!-- com.numpy.TestCases.TC_LoginErrorTest_003 -->
