<?xml version="1.0" encoding="UTF-8"?>
<!-- Generated by org.testng.reporters.JUnitReportReporter -->
<testsuite hostname="LAPTOP-PEBMGRD4" failures="0" tests="8" name="com.numpy.TestCases.TC_HomePage_001" time="5.240" errors="0" timestamp="2023-03-13T18:51:10 EDT" skipped="0">
  <testcase classname="com.numpy.TestCases.TC_HomePage_001" name="checkDataStructures" time="0.735"/>
  <system-out/>
  <testcase classname="com.numpy.TestCases.TC_HomePage_001" name="checkQueue" time="0.798"/>
  <system-out/>
  <testcase classname="com.numpy.TestCases.TC_HomePage_001" name="checkLinkedList" time="0.535"/>
  <system-out/>
  <testcase classname="com.numpy.TestCases.TC_HomePage_001" name="homePageTest" time="0.294"/>
  <system-out/>
  <testcase classname="com.numpy.TestCases.TC_HomePage_001" name="checkArray" time="0.826"/>
  <system-out/>
  <testcase classname="com.numpy.TestCases.TC_HomePage_001" name="checkTree" time="0.649"/>
  <system-out/>
  <testcase classname="com.numpy.TestCases.TC_HomePage_001" name="checkGraph" time="0.540"/>
  <system-out/>
  <testcase classname="com.numpy.TestCases.TC_HomePage_001" name="checkStack" time="0.863"/>
  <system-out/>
</testsuite> <!-- com.numpy.TestCases.TC_HomePage_001 -->
