<?xml version="1.0" encoding="UTF-8"?>
<!-- Generated by org.testng.reporters.JUnitReportReporter -->
<testsuite hostname="LAPTOP-PEBMGRD4" failures="0" tests="12" name="com.numpy.TestCases.TC_Array_008" time="11.979" errors="0" timestamp="2023-03-13T18:51:10 EDT" skipped="0">
  <testcase classname="com.numpy.TestCases.TC_Array_008" name="clickTryHereArraysUsingList" time="1.043"/>
  <system-out/>
  <testcase classname="com.numpy.TestCases.TC_Array_008" name="clickTryHereRunArraysUsingList" time="1.235"/>
  <system-out/>
  <testcase classname="com.numpy.TestCases.TC_Array_008" name="clickTryHereArraysInPython" time="1.602"/>
  <system-out/>
  <testcase classname="com.numpy.TestCases.TC_Array_008" name="clickTryHereBasicOperationsInLists" time="1.017"/>
  <system-out/>
  <testcase classname="com.numpy.TestCases.TC_Array_008" name="checkApplicationsofArray" time="0.398"/>
  <system-out/>
  <testcase classname="com.numpy.TestCases.TC_Array_008" name="clickTryHereRunBasicOperationsInLists" time="1.339"/>
  <system-out/>
  <testcase classname="com.numpy.TestCases.TC_Array_008" name="clickTryHereApplicationsofArray" time="1.117"/>
  <system-out/>
  <testcase classname="com.numpy.TestCases.TC_Array_008" name="checkArraysUsingList" time="0.605"/>
  <system-out/>
  <testcase classname="com.numpy.TestCases.TC_Array_008" name="checkArraysInPython" time="0.455"/>
  <system-out/>
  <testcase classname="com.numpy.TestCases.TC_Array_008" name="clickTryHereRunApplicationsofArray" time="1.398"/>
  <system-out/>
  <testcase classname="com.numpy.TestCases.TC_Array_008" name="clickTryHereRunArraysInPython" time="1.095"/>
  <system-out/>
  <testcase classname="com.numpy.TestCases.TC_Array_008" name="checkBasicOperationsInLists" time="0.675"/>
  <system-out/>
</testsuite> <!-- com.numpy.TestCases.TC_Array_008 -->
