<?xml version="1.0" encoding="UTF-8"?>
<!-- Generated by org.testng.reporters.JUnitReportReporter -->
<testsuite hostname="LAPTOP-PEBMGRD4" failures="0" tests="1" name="com.numpy.TestCases.TC_LogoutTest_004" time="2.323" errors="0" timestamp="2023-03-13T18:51:10 EDT" skipped="0">
  <testcase classname="com.numpy.TestCases.TC_LogoutTest_004" name="loginFailureTest" time="2.323"/>
  <system-out/>
</testsuite> <!-- com.numpy.TestCases.TC_LogoutTest_004 -->
