<?xml version="1.0" encoding="UTF-8"?>
<!-- Generated by org.testng.reporters.JUnitReportReporter -->
<testsuite hostname="LAPTOP-PEBMGRD4" failures="0" tests="2" name="com.numpy.TestCases.TC_DataStructures_005" time="7.133" errors="0" timestamp="2023-02-22T00:47:43 EST" skipped="0">
  <testcase classname="com.numpy.TestCases.TC_DataStructures_005" name="clickTryHere" time="3.103"/>
  <system-out/>
  <testcase classname="com.numpy.TestCases.TC_DataStructures_005" name="checkTimeComplexity" time="4.030"/>
  <system-out/>
</testsuite> <!-- com.numpy.TestCases.TC_DataStructures_005 -->
