<?xml version="1.0" encoding="UTF-8"?>
<!-- Generated by org.testng.reporters.JUnitReportReporter -->
<testsuite hostname="LAPTOP-PEBMGRD4" failures="0" tests="1" name="com.numpy.TestCases.TC_LoginTest_003" time="4.761" errors="0" timestamp="2023-03-13T18:51:10 EDT" skipped="0">
  <testcase classname="com.numpy.TestCases.TC_LoginTest_003" name="loginTest" time="4.761"/>
  <system-out/>
</testsuite> <!-- com.numpy.TestCases.TC_LoginTest_003 -->
