<?xml version="1.0" encoding="UTF-8"?>
<!-- Generated by org.testng.reporters.JUnitReportReporter -->
<testsuite hostname="LAPTOP-PEBMGRD4" failures="0" tests="21" name="com.numpy.TestCases.TC_LinkedList_009" time="23.732" errors="0" timestamp="2023-03-13T18:51:10 EDT" skipped="0">
  <testcase classname="com.numpy.TestCases.TC_LinkedList_009" name="clickTryHereRunDeletion" time="1.326"/>
  <system-out/>
  <testcase classname="com.numpy.TestCases.TC_LinkedList_009" name="clickTryHereTraversal" time="0.648"/>
  <system-out/>
  <testcase classname="com.numpy.TestCases.TC_LinkedList_009" name="checkImplementLinkedListinPython" time="1.201"/>
  <system-out/>
  <testcase classname="com.numpy.TestCases.TC_LinkedList_009" name="clickTryHereRunTraversal" time="1.592"/>
  <system-out/>
  <testcase classname="com.numpy.TestCases.TC_LinkedList_009" name="clickTryHereImplementLinkedListinPython" time="1.145"/>
  <system-out/>
  <testcase classname="com.numpy.TestCases.TC_LinkedList_009" name="checkTraversal" time="0.860"/>
  <system-out/>
  <testcase classname="com.numpy.TestCases.TC_LinkedList_009" name="clickTryHereRunTypesofLinkedList" time="1.112"/>
  <system-out/>
  <testcase classname="com.numpy.TestCases.TC_LinkedList_009" name="clickTryHereTypesofLinkedList" time="0.936"/>
  <system-out/>
  <testcase classname="com.numpy.TestCases.TC_LinkedList_009" name="clickTryHereDeletion" time="1.617"/>
  <system-out/>
  <testcase classname="com.numpy.TestCases.TC_LinkedList_009" name="clickTryHereCreatingLinkedLIst" time="1.106"/>
  <system-out/>
  <testcase classname="com.numpy.TestCases.TC_LinkedList_009" name="checkIntroduction" time="0.769"/>
  <system-out/>
  <testcase classname="com.numpy.TestCases.TC_LinkedList_009" name="checkCreatingLinkedLIst" time="0.611"/>
  <system-out/>
  <testcase classname="com.numpy.TestCases.TC_LinkedList_009" name="clickTryHereInsertion" time="1.253"/>
  <system-out/>
  <testcase classname="com.numpy.TestCases.TC_LinkedList_009" name="clickTryHereRunIntroduction" time="1.461"/>
  <system-out/>
  <testcase classname="com.numpy.TestCases.TC_LinkedList_009" name="checkTypesofLinkedList" time="1.193"/>
  <system-out/>
  <testcase classname="com.numpy.TestCases.TC_LinkedList_009" name="clickTryHereRunCreatingLinkedLIst" time="1.549"/>
  <system-out/>
  <testcase classname="com.numpy.TestCases.TC_LinkedList_009" name="checkDeletion" time="0.826"/>
  <system-out/>
  <testcase classname="com.numpy.TestCases.TC_LinkedList_009" name="clickTryHereIntroduction" time="1.048"/>
  <system-out/>
  <testcase classname="com.numpy.TestCases.TC_LinkedList_009" name="clickTryHereRunImplementLinkedListinPython" time="1.180"/>
  <system-out/>
  <testcase classname="com.numpy.TestCases.TC_LinkedList_009" name="checkInsertion" time="0.846"/>
  <system-out/>
  <testcase classname="com.numpy.TestCases.TC_LinkedList_009" name="clickTryHereRunInsertion" time="1.453"/>
  <system-out/>
</testsuite> <!-- com.numpy.TestCases.TC_LinkedList_009 -->
