<?xml version="1.0" encoding="UTF-8"?>
<!-- Generated by org.testng.reporters.JUnitReportReporter -->
<testsuite hostname="LAPTOP-PEBMGRD4" failures="0" tests="21" name="com.numpy.TestCases.TC_LinkedList" time="80.883" errors="0" timestamp="2023-02-27T20:38:44 EST" skipped="0">
  <testcase classname="com.numpy.TestCases.TC_LinkedList" name="checkCreatingLinkedLIst" time="3.409"/>
  <system-out/>
  <testcase classname="com.numpy.TestCases.TC_LinkedList" name="clickTryHereRunDeletion" time="3.562"/>
  <system-out/>
  <testcase classname="com.numpy.TestCases.TC_LinkedList" name="checkIntroduction" time="2.853"/>
  <system-out/>
  <testcase classname="com.numpy.TestCases.TC_LinkedList" name="clickTryHereRunInsertion" time="3.430"/>
  <system-out/>
  <testcase classname="com.numpy.TestCases.TC_LinkedList" name="clickTryHereTraversal" time="4.297"/>
  <system-out/>
  <testcase classname="com.numpy.TestCases.TC_LinkedList" name="clickTryHereInsertion" time="2.929"/>
  <system-out/>
  <testcase classname="com.numpy.TestCases.TC_LinkedList" name="clickTryHereImplementLinkedListinPython" time="2.906"/>
  <system-out/>
  <testcase classname="com.numpy.TestCases.TC_LinkedList" name="clickTryHereIntroduction" time="6.246"/>
  <system-out/>
  <testcase classname="com.numpy.TestCases.TC_LinkedList" name="clickTryHereTypesofLinkedList" time="3.314"/>
  <system-out/>
  <testcase classname="com.numpy.TestCases.TC_LinkedList" name="checkDeletion" time="5.757"/>
  <system-out/>
  <testcase classname="com.numpy.TestCases.TC_LinkedList" name="clickTryHereRunImplementLinkedListinPython" time="3.345"/>
  <system-out/>
  <testcase classname="com.numpy.TestCases.TC_LinkedList" name="clickTryHereCreatingLinkedLIst" time="5.045"/>
  <system-out/>
  <testcase classname="com.numpy.TestCases.TC_LinkedList" name="clickTryHereRunCreatingLinkedLIst" time="3.385"/>
  <system-out/>
  <testcase classname="com.numpy.TestCases.TC_LinkedList" name="clickTryHereRunIntroduction" time="3.408"/>
  <system-out/>
  <testcase classname="com.numpy.TestCases.TC_LinkedList" name="checkImplementLinkedListinPython" time="3.794"/>
  <system-out/>
  <testcase classname="com.numpy.TestCases.TC_LinkedList" name="clickTryHereRunTypesofLinkedList" time="3.493"/>
  <system-out/>
  <testcase classname="com.numpy.TestCases.TC_LinkedList" name="checkTraversal" time="4.042"/>
  <system-out/>
  <testcase classname="com.numpy.TestCases.TC_LinkedList" name="checkInsertion" time="3.860"/>
  <system-out/>
  <testcase classname="com.numpy.TestCases.TC_LinkedList" name="checkTypesofLinkedList" time="3.933"/>
  <system-out/>
  <testcase classname="com.numpy.TestCases.TC_LinkedList" name="clickTryHereRunTraversal" time="4.701"/>
  <system-out/>
  <testcase classname="com.numpy.TestCases.TC_LinkedList" name="clickTryHereDeletion" time="3.174"/>
  <system-out/>
</testsuite> <!-- com.numpy.TestCases.TC_LinkedList -->
