<?xml version="1.0" encoding="UTF-8"?>
<!-- Generated by org.testng.reporters.JUnitReportReporter -->
<testsuite hostname="LAPTOP-PEBMGRD4" failures="0" tests="2" name="com.numpy.TestCases.TC_LoginTest_003" time="9.957" errors="0" timestamp="2023-03-17T09:59:01 EDT" skipped="0">
  <testcase classname="com.numpy.TestCases.TC_LoginTest_003" name="loginTest" time="4.995"/>
  <system-out/>
  <testcase classname="com.numpy.TestCases.TC_LoginTest_003" name="loginTest" time="4.962"/>
  <system-out/>
</testsuite> <!-- com.numpy.TestCases.TC_LoginTest_003 -->
