<?xml version="1.0" encoding="UTF-8"?>
<!-- Generated by org.testng.reporters.JUnitReportReporter -->
<testsuite hostname="LAPTOP-PEBMGRD4" failures="0" tests="12" name="com.numpy.TestCases.TC_Graph_013" time="12.793" errors="0" timestamp="2023-03-17T09:59:01 EDT" skipped="0">
  <testcase classname="com.numpy.TestCases.TC_Graph_013" name="checkGraph" time="1.163"/>
  <system-out/>
  <testcase classname="com.numpy.TestCases.TC_Graph_013" name="checkGraphRepresentations" time="0.614"/>
  <system-out/>
  <testcase classname="com.numpy.TestCases.TC_Graph_013" name="clickTryHereGraphRepresentations" time="1.026"/>
  <system-out/>
  <testcase classname="com.numpy.TestCases.TC_Graph_013" name="clickTryHereGraph" time="0.910"/>
  <system-out/>
  <testcase classname="com.numpy.TestCases.TC_Graph_013" name="clickTryHereRunGraphRepresentations" time="1.217"/>
  <system-out/>
  <testcase classname="com.numpy.TestCases.TC_Graph_013" name="clickTryHereGraphRepresentations" time="1.166"/>
  <system-out/>
  <testcase classname="com.numpy.TestCases.TC_Graph_013" name="clickTryHereRunGraph" time="1.361"/>
  <system-out/>
  <testcase classname="com.numpy.TestCases.TC_Graph_013" name="checkGraph" time="0.623"/>
  <system-out/>
  <testcase classname="com.numpy.TestCases.TC_Graph_013" name="checkGraphRepresentations" time="0.832"/>
  <system-out/>
  <testcase classname="com.numpy.TestCases.TC_Graph_013" name="clickTryHereRunGraph" time="1.379"/>
  <system-out/>
  <testcase classname="com.numpy.TestCases.TC_Graph_013" name="clickTryHereRunGraphRepresentations" time="1.397"/>
  <system-out/>
  <testcase classname="com.numpy.TestCases.TC_Graph_013" name="clickTryHereGraph" time="1.105"/>
  <system-out/>
</testsuite> <!-- com.numpy.TestCases.TC_Graph_013 -->
