<?xml version="1.0" encoding="UTF-8"?>
<!-- Generated by org.testng.reporters.JUnitReportReporter -->
<testsuite hostname="LAPTOP-PEBMGRD4" failures="0" tests="6" name="com.numpy.TestCases.TC_Graph_013" time="4.810" errors="0" timestamp="2023-03-13T18:51:10 EDT" skipped="0">
  <testcase classname="com.numpy.TestCases.TC_Graph_013" name="checkGraph" time="0.533"/>
  <system-out/>
  <testcase classname="com.numpy.TestCases.TC_Graph_013" name="clickTryHereGraph" time="0.676"/>
  <system-out/>
  <testcase classname="com.numpy.TestCases.TC_Graph_013" name="clickTryHereGraphRepresentations" time="1.114"/>
  <system-out/>
  <testcase classname="com.numpy.TestCases.TC_Graph_013" name="clickTryHereRunGraphRepresentations" time="0.932"/>
  <system-out/>
  <testcase classname="com.numpy.TestCases.TC_Graph_013" name="clickTryHereRunGraph" time="1.013"/>
  <system-out/>
  <testcase classname="com.numpy.TestCases.TC_Graph_013" name="checkGraphRepresentations" time="0.542"/>
  <system-out/>
</testsuite> <!-- com.numpy.TestCases.TC_Graph_013 -->
