<?xml version="1.0" encoding="UTF-8"?>
<!-- Generated by org.testng.reporters.JUnitReportReporter -->
<testsuite hostname="LAPTOP-PEBMGRD4" failures="0" tests="39" name="com.numpy.TestCases.TC_Tree_011" time="22.442" errors="0" timestamp="2023-02-28T22:24:25 EST" skipped="0">
  <testcase classname="com.numpy.TestCases.TC_Tree_011" name="clickTryHereRunImplementationOfBST" time="0.629"/>
  <system-out/>
  <testcase classname="com.numpy.TestCases.TC_Tree_011" name="checkTerminologies" time="0.384"/>
  <system-out/>
  <testcase classname="com.numpy.TestCases.TC_Tree_011" name="checkTraversalsIllustration" time="0.437"/>
  <system-out/>
  <testcase classname="com.numpy.TestCases.TC_Tree_011" name="checkOverviewofTrees" time="0.443"/>
  <system-out/>
  <testcase classname="com.numpy.TestCases.TC_Tree_011" name="checkApplicationsofBinarytrees" time="0.431"/>
  <system-out/>
  <testcase classname="com.numpy.TestCases.TC_Tree_011" name="clickTryHereImplementationofBinaryTrees" time="0.577"/>
  <system-out/>
  <testcase classname="com.numpy.TestCases.TC_Tree_011" name="clickTryHereRunTerminologies" time="0.880"/>
  <system-out/>
  <testcase classname="com.numpy.TestCases.TC_Tree_011" name="clickTryHereOverviewofTrees" time="0.631"/>
  <system-out/>
  <testcase classname="com.numpy.TestCases.TC_Tree_011" name="clickTryHereRunImplementationofBinaryTrees" time="1.088"/>
  <system-out/>
  <testcase classname="com.numpy.TestCases.TC_Tree_011" name="clickImplementationOfBST" time="0.604"/>
  <system-out/>
  <testcase classname="com.numpy.TestCases.TC_Tree_011" name="clickTryHereRunBinarySearchTrees" time="0.654"/>
  <system-out/>
  <testcase classname="com.numpy.TestCases.TC_Tree_011" name="clickTryHereRunTreeTraversals" time="0.639"/>
  <system-out/>
  <testcase classname="com.numpy.TestCases.TC_Tree_011" name="checkBinaryTrees" time="0.444"/>
  <system-out/>
  <testcase classname="com.numpy.TestCases.TC_Tree_011" name="clickTryHereRunTypesofBinaryTrees" time="0.641"/>
  <system-out/>
  <testcase classname="com.numpy.TestCases.TC_Tree_011" name="clickTryHereBinaryTrees" time="0.581"/>
  <system-out/>
  <testcase classname="com.numpy.TestCases.TC_Tree_011" name="clickTryHereTraversalsIllustration" time="0.559"/>
  <system-out/>
  <testcase classname="com.numpy.TestCases.TC_Tree_011" name="clickTryHereRunImplementationinPython" time="0.716"/>
  <system-out/>
  <testcase classname="com.numpy.TestCases.TC_Tree_011" name="clickTryHereRunOverviewofTrees" time="0.670"/>
  <system-out/>
  <testcase classname="com.numpy.TestCases.TC_Tree_011" name="clickTryHereTerminologies" time="0.625"/>
  <system-out/>
  <testcase classname="com.numpy.TestCases.TC_Tree_011" name="clickTryHereRunTraversalsIllustration" time="0.664"/>
  <system-out/>
  <testcase classname="com.numpy.TestCases.TC_Tree_011" name="clickTryHereRunTypesofTrees" time="0.690"/>
  <system-out/>
  <testcase classname="com.numpy.TestCases.TC_Tree_011" name="checkBinarySearchTrees" time="0.555"/>
  <system-out/>
  <testcase classname="com.numpy.TestCases.TC_Tree_011" name="checkBinaryTreeTraversals" time="0.433"/>
  <system-out/>
  <testcase classname="com.numpy.TestCases.TC_Tree_011" name="clickTryHereRunApplicationsofBinarytrees" time="0.700"/>
  <system-out/>
  <testcase classname="com.numpy.TestCases.TC_Tree_011" name="checkTreeTraversals" time="0.424"/>
  <system-out/>
  <testcase classname="com.numpy.TestCases.TC_Tree_011" name="clickTryHereBinarySearchTrees" time="0.566"/>
  <system-out/>
  <testcase classname="com.numpy.TestCases.TC_Tree_011" name="clickTryHereImplementationinPython" time="0.560"/>
  <system-out/>
  <testcase classname="com.numpy.TestCases.TC_Tree_011" name="clickTryHereBinaryTreeTraversals" time="0.552"/>
  <system-out/>
  <testcase classname="com.numpy.TestCases.TC_Tree_011" name="checkImplementationofBinaryTrees" time="0.428"/>
  <system-out/>
  <testcase classname="com.numpy.TestCases.TC_Tree_011" name="clickTryHereTreeTraversals" time="0.544"/>
  <system-out/>
  <testcase classname="com.numpy.TestCases.TC_Tree_011" name="clickTryHereRunBinaryTrees" time="0.668"/>
  <system-out/>
  <testcase classname="com.numpy.TestCases.TC_Tree_011" name="checkTypesofTrees" time="0.417"/>
  <system-out/>
  <testcase classname="com.numpy.TestCases.TC_Tree_011" name="clickTryHereApplicationsofBinarytrees" time="0.566"/>
  <system-out/>
  <testcase classname="com.numpy.TestCases.TC_Tree_011" name="clickTryHereTypesofTrees" time="0.579"/>
  <system-out/>
  <testcase classname="com.numpy.TestCases.TC_Tree_011" name="checkImplementationOfBST" time="0.421"/>
  <system-out/>
  <testcase classname="com.numpy.TestCases.TC_Tree_011" name="clickTryHereRunBinaryTreeTraversals" time="0.627"/>
  <system-out/>
  <testcase classname="com.numpy.TestCases.TC_Tree_011" name="checkTypesofBinaryTrees" time="0.451"/>
  <system-out/>
  <testcase classname="com.numpy.TestCases.TC_Tree_011" name="clickTryHereTypesofBinaryTrees" time="0.561"/>
  <system-out/>
  <testcase classname="com.numpy.TestCases.TC_Tree_011" name="checkImplementationinPython" time="0.403"/>
  <system-out/>
</testsuite> <!-- com.numpy.TestCases.TC_Tree_011 -->
