<?xml version="1.0" encoding="UTF-8"?>
<!-- Generated by org.testng.reporters.JUnitReportReporter -->
<testsuite hostname="LAPTOP-PEBMGRD4" failures="0" tests="6" name="com.numpy.TestCases.TC_Graph_012" time="6.816" errors="0" timestamp="2023-02-28T22:24:25 EST" skipped="0">
  <testcase classname="com.numpy.TestCases.TC_Graph_012" name="clickTryHereGraph" time="0.520"/>
  <system-out/>
  <testcase classname="com.numpy.TestCases.TC_Graph_012" name="clickTryHereRunGraphRepresentations" time="0.860"/>
  <system-out/>
  <testcase classname="com.numpy.TestCases.TC_Graph_012" name="clickTryHereGraphRepresentations" time="0.542"/>
  <system-out/>
  <testcase classname="com.numpy.TestCases.TC_Graph_012" name="checkGraph" time="3.554"/>
  <system-out/>
  <testcase classname="com.numpy.TestCases.TC_Graph_012" name="checkGraphRepresentations" time="0.450"/>
  <system-out/>
  <testcase classname="com.numpy.TestCases.TC_Graph_012" name="clickTryHereRunGraph" time="0.890"/>
  <system-out/>
</testsuite> <!-- com.numpy.TestCases.TC_Graph_012 -->
