<?xml version="1.0" encoding="UTF-8"?>
<!-- Generated by org.testng.reporters.JUnitReportReporter -->
<testsuite hostname="LAPTOP-PEBMGRD4" failures="0" tests="14" name="com.numpy.TestCases.TC_HomePage_LoginCheck_006" time="5.986" errors="0" timestamp="2023-03-17T09:59:01 EDT" skipped="0">
  <testcase classname="com.numpy.TestCases.TC_HomePage_LoginCheck_006" name="checkDataStructures" time="0.345"/>
  <system-out/>
  <testcase classname="com.numpy.TestCases.TC_HomePage_LoginCheck_006" name="checkDataStructures" time="0.420"/>
  <system-out/>
  <testcase classname="com.numpy.TestCases.TC_HomePage_LoginCheck_006" name="checkQueue" time="0.410"/>
  <system-out/>
  <testcase classname="com.numpy.TestCases.TC_HomePage_LoginCheck_006" name="checkArray" time="0.365"/>
  <system-out/>
  <testcase classname="com.numpy.TestCases.TC_HomePage_LoginCheck_006" name="checkStack" time="0.401"/>
  <system-out/>
  <testcase classname="com.numpy.TestCases.TC_HomePage_LoginCheck_006" name="checkArray" time="0.419"/>
  <system-out/>
  <testcase classname="com.numpy.TestCases.TC_HomePage_LoginCheck_006" name="checkGraph" time="0.434"/>
  <system-out/>
  <testcase classname="com.numpy.TestCases.TC_HomePage_LoginCheck_006" name="checkGraph" time="0.445"/>
  <system-out/>
  <testcase classname="com.numpy.TestCases.TC_HomePage_LoginCheck_006" name="checkQueue" time="0.459"/>
  <system-out/>
  <testcase classname="com.numpy.TestCases.TC_HomePage_LoginCheck_006" name="checkTree" time="0.398"/>
  <system-out/>
  <testcase classname="com.numpy.TestCases.TC_HomePage_LoginCheck_006" name="checkTree" time="0.441"/>
  <system-out/>
  <testcase classname="com.numpy.TestCases.TC_HomePage_LoginCheck_006" name="checkLinkedList" time="0.435"/>
  <system-out/>
  <testcase classname="com.numpy.TestCases.TC_HomePage_LoginCheck_006" name="checkLinkedList" time="0.560"/>
  <system-out/>
  <testcase classname="com.numpy.TestCases.TC_HomePage_LoginCheck_006" name="checkStack" time="0.454"/>
  <system-out/>
</testsuite> <!-- com.numpy.TestCases.TC_HomePage_LoginCheck_006 -->
