<?xml version="1.0" encoding="UTF-8"?>
<!-- Generated by org.testng.reporters.JUnitReportReporter -->
<testsuite hostname="LAPTOP-PEBMGRD4" failures="0" tests="6" name="com.numpy.TestCases.TC_DataStructures_007" time="6.019" errors="0" timestamp="2023-03-17T09:59:01 EDT" skipped="0">
  <testcase classname="com.numpy.TestCases.TC_DataStructures_007" name="clickTryHereRun" time="0.928"/>
  <system-out/>
  <testcase classname="com.numpy.TestCases.TC_DataStructures_007" name="checkTimeComplexity" time="0.611"/>
  <system-out/>
  <testcase classname="com.numpy.TestCases.TC_DataStructures_007" name="clickTryHere" time="0.891"/>
  <system-out/>
  <testcase classname="com.numpy.TestCases.TC_DataStructures_007" name="clickTryHere" time="1.839"/>
  <system-out/>
  <testcase classname="com.numpy.TestCases.TC_DataStructures_007" name="checkTimeComplexity" time="0.815"/>
  <system-out/>
  <testcase classname="com.numpy.TestCases.TC_DataStructures_007" name="clickTryHereRun" time="0.935"/>
  <system-out/>
</testsuite> <!-- com.numpy.TestCases.TC_DataStructures_007 -->
