<?xml version="1.0" encoding="UTF-8"?>
<!-- Generated by org.testng.reporters.JUnitReportReporter -->
<testsuite hostname="LAPTOP-PEBMGRD4" failures="0" tests="24" name="com.numpy.TestCases.TC_Queue_011" time="23.620" errors="0" timestamp="2023-03-17T09:59:01 EDT" skipped="0">
  <testcase classname="com.numpy.TestCases.TC_Queue_011" name="checkImplementationUsingArray" time="0.617"/>
  <system-out/>
  <testcase classname="com.numpy.TestCases.TC_Queue_011" name="clickTryHereImplementationofQueueinPython" time="0.932"/>
  <system-out/>
  <testcase classname="com.numpy.TestCases.TC_Queue_011" name="checkImplementationofQueueinPython" time="0.662"/>
  <system-out/>
  <testcase classname="com.numpy.TestCases.TC_Queue_011" name="clickTryHereRunQueueOperations" time="1.029"/>
  <system-out/>
  <testcase classname="com.numpy.TestCases.TC_Queue_011" name="checkQueueOperations" time="0.980"/>
  <system-out/>
  <testcase classname="com.numpy.TestCases.TC_Queue_011" name="checkImplementationUsingCollectionsDeque" time="0.605"/>
  <system-out/>
  <testcase classname="com.numpy.TestCases.TC_Queue_011" name="clickTryHereImplementationofQueueinPython" time="1.112"/>
  <system-out/>
  <testcase classname="com.numpy.TestCases.TC_Queue_011" name="clickTryHereQueueOperations" time="1.334"/>
  <system-out/>
  <testcase classname="com.numpy.TestCases.TC_Queue_011" name="clickTryHereQueueOperations" time="0.840"/>
  <system-out/>
  <testcase classname="com.numpy.TestCases.TC_Queue_011" name="checkQueueOperations" time="0.756"/>
  <system-out/>
  <testcase classname="com.numpy.TestCases.TC_Queue_011" name="clickTryHereImplementationUsingCollectionsDeque" time="1.050"/>
  <system-out/>
  <testcase classname="com.numpy.TestCases.TC_Queue_011" name="checkImplementationofQueueinPython" time="0.605"/>
  <system-out/>
  <testcase classname="com.numpy.TestCases.TC_Queue_011" name="clickTryHereRunImplementationofQueueinPython" time="1.058"/>
  <system-out/>
  <testcase classname="com.numpy.TestCases.TC_Queue_011" name="checkImplementationUsingCollectionsDeque" time="0.539"/>
  <system-out/>
  <testcase classname="com.numpy.TestCases.TC_Queue_011" name="clickTryHereRuncheckImplementationUsingArray" time="1.447"/>
  <system-out/>
  <testcase classname="com.numpy.TestCases.TC_Queue_011" name="clickTryHereImplementationUsingCollectionsDeque" time="1.023"/>
  <system-out/>
  <testcase classname="com.numpy.TestCases.TC_Queue_011" name="clickTryHereRunImplementationofQueueinPython" time="1.357"/>
  <system-out/>
  <testcase classname="com.numpy.TestCases.TC_Queue_011" name="clickTryHereRunImplementationUsingCollectionsDeque" time="1.628"/>
  <system-out/>
  <testcase classname="com.numpy.TestCases.TC_Queue_011" name="clickTryHerecheckImplementationUsingArray" time="1.020"/>
  <system-out/>
  <testcase classname="com.numpy.TestCases.TC_Queue_011" name="checkImplementationUsingArray" time="0.530"/>
  <system-out/>
  <testcase classname="com.numpy.TestCases.TC_Queue_011" name="clickTryHerecheckImplementationUsingArray" time="0.684"/>
  <system-out/>
  <testcase classname="com.numpy.TestCases.TC_Queue_011" name="clickTryHereRunImplementationUsingCollectionsDeque" time="1.344"/>
  <system-out/>
  <testcase classname="com.numpy.TestCases.TC_Queue_011" name="clickTryHereRuncheckImplementationUsingArray" time="1.027"/>
  <system-out/>
  <testcase classname="com.numpy.TestCases.TC_Queue_011" name="clickTryHereRunQueueOperations" time="1.441"/>
  <system-out/>
</testsuite> <!-- com.numpy.TestCases.TC_Queue_011 -->
