<?xml version="1.0" encoding="UTF-8"?>
<!-- Generated by org.testng.reporters.JUnitReportReporter -->
<testsuite hostname="LAPTOP-PEBMGRD4" failures="0" tests="3" name="com.numpy.TestCases.TC_DataStructures_007" time="3.160" errors="0" timestamp="2023-03-13T18:51:10 EDT" skipped="0">
  <testcase classname="com.numpy.TestCases.TC_DataStructures_007" name="checkTimeComplexity" time="0.844"/>
  <system-out/>
  <testcase classname="com.numpy.TestCases.TC_DataStructures_007" name="clickTryHereRun" time="1.123"/>
  <system-out/>
  <testcase classname="com.numpy.TestCases.TC_DataStructures_007" name="clickTryHere" time="1.193"/>
  <system-out/>
</testsuite> <!-- com.numpy.TestCases.TC_DataStructures_007 -->
