<?xml version="1.0" encoding="UTF-8"?>
<!-- Generated by org.testng.reporters.JUnitReportReporter -->
<testsuite hostname="LAPTOP-PEBMGRD4" failures="0" tests="1" name="com.numpy.TestCases.TC_LoginErrorTest_002" time="2.610" errors="0" timestamp="2023-02-28T22:24:25 EST" skipped="0">
  <testcase classname="com.numpy.TestCases.TC_LoginErrorTest_002" name="loginFailureTest" time="2.610"/>
  <system-out/>
</testsuite> <!-- com.numpy.TestCases.TC_LoginErrorTest_002 -->
