<?xml version="1.0" encoding="UTF-8"?>
<!-- Generated by org.testng.reporters.JUnitReportReporter -->
<testsuite hostname="LAPTOP-PEBMGRD4" failures="0" tests="78" name="com.numpy.TestCases.TC_Tree_012" time="80.305" errors="0" timestamp="2023-03-17T09:59:01 EDT" skipped="0">
  <testcase classname="com.numpy.TestCases.TC_Tree_012" name="checkBinarySearchTrees" time="0.710"/>
  <system-out/>
  <testcase classname="com.numpy.TestCases.TC_Tree_012" name="clickTryHereRunImplementationofBinaryTrees" time="1.488"/>
  <system-out/>
  <testcase classname="com.numpy.TestCases.TC_Tree_012" name="clickTryHereRunImplementationOfBST" time="1.216"/>
  <system-out/>
  <testcase classname="com.numpy.TestCases.TC_Tree_012" name="checkBinaryTrees" time="0.514"/>
  <system-out/>
  <testcase classname="com.numpy.TestCases.TC_Tree_012" name="clickTryHereRunTreeTraversals" time="1.091"/>
  <system-out/>
  <testcase classname="com.numpy.TestCases.TC_Tree_012" name="clickTryHereRunTypesofBinaryTrees" time="1.224"/>
  <system-out/>
  <testcase classname="com.numpy.TestCases.TC_Tree_012" name="clickTryHereImplementationinPython" time="1.028"/>
  <system-out/>
  <testcase classname="com.numpy.TestCases.TC_Tree_012" name="clickTryHereBinaryTreeTraversals" time="1.232"/>
  <system-out/>
  <testcase classname="com.numpy.TestCases.TC_Tree_012" name="clickTryHereRunImplementationinPython" time="1.556"/>
  <system-out/>
  <testcase classname="com.numpy.TestCases.TC_Tree_012" name="clickTryHereRunImplementationOfBST" time="1.139"/>
  <system-out/>
  <testcase classname="com.numpy.TestCases.TC_Tree_012" name="clickTryHereRunTerminologies" time="1.633"/>
  <system-out/>
  <testcase classname="com.numpy.TestCases.TC_Tree_012" name="checkBinaryTreeTraversals" time="0.663"/>
  <system-out/>
  <testcase classname="com.numpy.TestCases.TC_Tree_012" name="clickTryHereTreeTraversals" time="1.608"/>
  <system-out/>
  <testcase classname="com.numpy.TestCases.TC_Tree_012" name="checkBinaryTrees" time="0.592"/>
  <system-out/>
  <testcase classname="com.numpy.TestCases.TC_Tree_012" name="clickTryHereOverviewofTrees" time="1.235"/>
  <system-out/>
  <testcase classname="com.numpy.TestCases.TC_Tree_012" name="clickTryHereRunOverviewofTrees" time="1.247"/>
  <system-out/>
  <testcase classname="com.numpy.TestCases.TC_Tree_012" name="clickTryHereBinarySearchTrees" time="1.418"/>
  <system-out/>
  <testcase classname="com.numpy.TestCases.TC_Tree_012" name="clickTryHereRunBinaryTrees" time="1.282"/>
  <system-out/>
  <testcase classname="com.numpy.TestCases.TC_Tree_012" name="clickTryHereRunTreeTraversals" time="1.377"/>
  <system-out/>
  <testcase classname="com.numpy.TestCases.TC_Tree_012" name="clickTryHereApplicationsofBinarytrees" time="0.736"/>
  <system-out/>
  <testcase classname="com.numpy.TestCases.TC_Tree_012" name="clickTryHereTerminologies" time="1.492"/>
  <system-out/>
  <testcase classname="com.numpy.TestCases.TC_Tree_012" name="clickTryHereRunApplicationsofBinarytrees" time="1.199"/>
  <system-out/>
  <testcase classname="com.numpy.TestCases.TC_Tree_012" name="checkApplicationsofBinarytrees" time="0.476"/>
  <system-out/>
  <testcase classname="com.numpy.TestCases.TC_Tree_012" name="clickTryHereTraversalsIllustration" time="1.140"/>
  <system-out/>
  <testcase classname="com.numpy.TestCases.TC_Tree_012" name="checkTypesofBinaryTrees" time="1.123"/>
  <system-out/>
  <testcase classname="com.numpy.TestCases.TC_Tree_012" name="checkTypesofBinaryTrees" time="0.548"/>
  <system-out/>
  <testcase classname="com.numpy.TestCases.TC_Tree_012" name="checkImplementationofBinaryTrees" time="0.522"/>
  <system-out/>
  <testcase classname="com.numpy.TestCases.TC_Tree_012" name="checkApplicationsofBinarytrees" time="1.017"/>
  <system-out/>
  <testcase classname="com.numpy.TestCases.TC_Tree_012" name="clickTryHereTerminologies" time="1.164"/>
  <system-out/>
  <testcase classname="com.numpy.TestCases.TC_Tree_012" name="checkTraversalsIllustration" time="1.065"/>
  <system-out/>
  <testcase classname="com.numpy.TestCases.TC_Tree_012" name="clickTryHereRunOverviewofTrees" time="0.818"/>
  <system-out/>
  <testcase classname="com.numpy.TestCases.TC_Tree_012" name="clickTryHereRunBinaryTrees" time="1.652"/>
  <system-out/>
  <testcase classname="com.numpy.TestCases.TC_Tree_012" name="checkImplementationinPython" time="0.730"/>
  <system-out/>
  <testcase classname="com.numpy.TestCases.TC_Tree_012" name="clickTryHereRunBinarySearchTrees" time="1.088"/>
  <system-out/>
  <testcase classname="com.numpy.TestCases.TC_Tree_012" name="clickTryHereRunTypesofTrees" time="1.031"/>
  <system-out/>
  <testcase classname="com.numpy.TestCases.TC_Tree_012" name="clickTryHereTypesofBinaryTrees" time="1.058"/>
  <system-out/>
  <testcase classname="com.numpy.TestCases.TC_Tree_012" name="clickTryHereRunImplementationinPython" time="0.942"/>
  <system-out/>
  <testcase classname="com.numpy.TestCases.TC_Tree_012" name="checkTypesofTrees" time="0.517"/>
  <system-out/>
  <testcase classname="com.numpy.TestCases.TC_Tree_012" name="checkBinaryTreeTraversals" time="0.523"/>
  <system-out/>
  <testcase classname="com.numpy.TestCases.TC_Tree_012" name="clickTryHereTreeTraversals" time="1.171"/>
  <system-out/>
  <testcase classname="com.numpy.TestCases.TC_Tree_012" name="clickTryHereBinaryTreeTraversals" time="1.103"/>
  <system-out/>
  <testcase classname="com.numpy.TestCases.TC_Tree_012" name="clickTryHereRunApplicationsofBinarytrees" time="1.211"/>
  <system-out/>
  <testcase classname="com.numpy.TestCases.TC_Tree_012" name="clickTryHereRunTypesofBinaryTrees" time="1.508"/>
  <system-out/>
  <testcase classname="com.numpy.TestCases.TC_Tree_012" name="checkImplementationOfBST" time="0.505"/>
  <system-out/>
  <testcase classname="com.numpy.TestCases.TC_Tree_012" name="checkTreeTraversals" time="1.525"/>
  <system-out/>
  <testcase classname="com.numpy.TestCases.TC_Tree_012" name="clickTryHereRunTerminologies" time="0.834"/>
  <system-out/>
  <testcase classname="com.numpy.TestCases.TC_Tree_012" name="checkImplementationinPython" time="0.460"/>
  <system-out/>
  <testcase classname="com.numpy.TestCases.TC_Tree_012" name="checkOverviewofTrees" time="0.601"/>
  <system-out/>
  <testcase classname="com.numpy.TestCases.TC_Tree_012" name="clickTryHereRunBinaryTreeTraversals" time="1.526"/>
  <system-out/>
  <testcase classname="com.numpy.TestCases.TC_Tree_012" name="clickTryHereRunImplementationofBinaryTrees" time="0.892"/>
  <system-out/>
  <testcase classname="com.numpy.TestCases.TC_Tree_012" name="clickTryHereImplementationofBinaryTrees" time="1.006"/>
  <system-out/>
  <testcase classname="com.numpy.TestCases.TC_Tree_012" name="clickTryHereApplicationsofBinarytrees" time="1.150"/>
  <system-out/>
  <testcase classname="com.numpy.TestCases.TC_Tree_012" name="checkTerminologies" time="0.524"/>
  <system-out/>
  <testcase classname="com.numpy.TestCases.TC_Tree_012" name="clickTryHereImplementationinPython" time="1.297"/>
  <system-out/>
  <testcase classname="com.numpy.TestCases.TC_Tree_012" name="clickTryHereRunBinarySearchTrees" time="0.989"/>
  <system-out/>
  <testcase classname="com.numpy.TestCases.TC_Tree_012" name="clickTryHereImplementationofBinaryTrees" time="0.806"/>
  <system-out/>
  <testcase classname="com.numpy.TestCases.TC_Tree_012" name="clickImplementationOfBST" time="1.104"/>
  <system-out/>
  <testcase classname="com.numpy.TestCases.TC_Tree_012" name="checkImplementationOfBST" time="0.667"/>
  <system-out/>
  <testcase classname="com.numpy.TestCases.TC_Tree_012" name="clickTryHereTraversalsIllustration" time="1.409"/>
  <system-out/>
  <testcase classname="com.numpy.TestCases.TC_Tree_012" name="checkTypesofTrees" time="0.689"/>
  <system-out/>
  <testcase classname="com.numpy.TestCases.TC_Tree_012" name="checkBinarySearchTrees" time="0.602"/>
  <system-out/>
  <testcase classname="com.numpy.TestCases.TC_Tree_012" name="clickTryHereBinaryTrees" time="1.137"/>
  <system-out/>
  <testcase classname="com.numpy.TestCases.TC_Tree_012" name="clickTryHereRunTraversalsIllustration" time="1.626"/>
  <system-out/>
  <testcase classname="com.numpy.TestCases.TC_Tree_012" name="checkTerminologies" time="0.545"/>
  <system-out/>
  <testcase classname="com.numpy.TestCases.TC_Tree_012" name="clickTryHereRunTraversalsIllustration" time="0.754"/>
  <system-out/>
  <testcase classname="com.numpy.TestCases.TC_Tree_012" name="checkTreeTraversals" time="0.543"/>
  <system-out/>
  <testcase classname="com.numpy.TestCases.TC_Tree_012" name="checkTraversalsIllustration" time="0.555"/>
  <system-out/>
  <testcase classname="com.numpy.TestCases.TC_Tree_012" name="clickImplementationOfBST" time="0.777"/>
  <system-out/>
  <testcase classname="com.numpy.TestCases.TC_Tree_012" name="clickTryHereTypesofTrees" time="2.378"/>
  <system-out/>
  <testcase classname="com.numpy.TestCases.TC_Tree_012" name="clickTryHereRunBinaryTreeTraversals" time="1.270"/>
  <system-out/>
  <testcase classname="com.numpy.TestCases.TC_Tree_012" name="clickTryHereOverviewofTrees" time="0.984"/>
  <system-out/>
  <testcase classname="com.numpy.TestCases.TC_Tree_012" name="clickTryHereBinarySearchTrees" time="0.755"/>
  <system-out/>
  <testcase classname="com.numpy.TestCases.TC_Tree_012" name="checkOverviewofTrees" time="0.528"/>
  <system-out/>
  <testcase classname="com.numpy.TestCases.TC_Tree_012" name="checkImplementationofBinaryTrees" time="0.600"/>
  <system-out/>
  <testcase classname="com.numpy.TestCases.TC_Tree_012" name="clickTryHereRunTypesofTrees" time="1.431"/>
  <system-out/>
  <testcase classname="com.numpy.TestCases.TC_Tree_012" name="clickTryHereTypesofBinaryTrees" time="1.093"/>
  <system-out/>
  <testcase classname="com.numpy.TestCases.TC_Tree_012" name="clickTryHereBinaryTrees" time="1.652"/>
  <system-out/>
  <testcase classname="com.numpy.TestCases.TC_Tree_012" name="clickTryHereTypesofTrees" time="1.004"/>
  <system-out/>
</testsuite> <!-- com.numpy.TestCases.TC_Tree_012 -->
